2021-12-28T22:36:24+00:00 CRITICAL Uncaught W3TC\Util_Environment_Exceptions in /bitnami/wordpress/wp-content/plugins/w3-total-cache/PgCache_Environment.php:17
Stack trace:
#0 /bitnami/wordpress/wp-content/plugins/w3-total-cache/SetupGuide_Plugin_Admin.php(260): W3TC\PgCache_Environment->fix_on_wpadmin_request()
#1 /opt/bitnami/wordpress/wp-includes/class-wp-hook.php(303): W3TC\SetupGuide_Plugin_Admin->config_pgcache()
#2 /opt/bitnami/wordpress/wp-includes/class-wp-hook.php(327): WP_Hook->apply_filters()
#3 /opt/bitnami/wordpress/wp-includes/plugin.php(470): WP_Hook->do_action()
#4 /opt/bitnami/wordpress/wp-admin/admin-ajax.php(187): do_action()
#5 {main}
  thrown in /bitnami/wordpress/wp-content/plugins/w3-total-cache/PgCache_Environment.php on line 17

2021-12-28T22:38:12+00:00 CRITICAL Uncaught W3TC\Util_Environment_Exceptions in /bitnami/wordpress/wp-content/plugins/w3-total-cache/PgCache_Environment.php:17
Stack trace:
#0 /bitnami/wordpress/wp-content/plugins/w3-total-cache/SetupGuide_Plugin_Admin.php(260): W3TC\PgCache_Environment->fix_on_wpadmin_request()
#1 /opt/bitnami/wordpress/wp-includes/class-wp-hook.php(303): W3TC\SetupGuide_Plugin_Admin->config_pgcache()
#2 /opt/bitnami/wordpress/wp-includes/class-wp-hook.php(327): WP_Hook->apply_filters()
#3 /opt/bitnami/wordpress/wp-includes/plugin.php(470): WP_Hook->do_action()
#4 /opt/bitnami/wordpress/wp-admin/admin-ajax.php(187): do_action()
#5 {main}
  thrown in /bitnami/wordpress/wp-content/plugins/w3-total-cache/PgCache_Environment.php on line 17

2021-12-28T22:41:22+00:00 CRITICAL Uncaught W3TC\Util_Environment_Exceptions in /bitnami/wordpress/wp-content/plugins/w3-total-cache/PgCache_Environment.php:17
Stack trace:
#0 /bitnami/wordpress/wp-content/plugins/w3-total-cache/SetupGuide_Plugin_Admin.php(260): W3TC\PgCache_Environment->fix_on_wpadmin_request()
#1 /opt/bitnami/wordpress/wp-includes/class-wp-hook.php(303): W3TC\SetupGuide_Plugin_Admin->config_pgcache()
#2 /opt/bitnami/wordpress/wp-includes/class-wp-hook.php(327): WP_Hook->apply_filters()
#3 /opt/bitnami/wordpress/wp-includes/plugin.php(470): WP_Hook->do_action()
#4 /opt/bitnami/wordpress/wp-admin/admin-ajax.php(187): do_action()
#5 {main}
  thrown in /bitnami/wordpress/wp-content/plugins/w3-total-cache/PgCache_Environment.php on line 17

2021-12-28T22:58:59+00:00 CRITICAL Uncaught W3TC\Util_Environment_Exceptions in /bitnami/wordpress/wp-content/plugins/w3-total-cache/PgCache_Environment.php:17
Stack trace:
#0 /bitnami/wordpress/wp-content/plugins/w3-total-cache/SetupGuide_Plugin_Admin.php(260): W3TC\PgCache_Environment->fix_on_wpadmin_request()
#1 /opt/bitnami/wordpress/wp-includes/class-wp-hook.php(303): W3TC\SetupGuide_Plugin_Admin->config_pgcache()
#2 /opt/bitnami/wordpress/wp-includes/class-wp-hook.php(327): WP_Hook->apply_filters()
#3 /opt/bitnami/wordpress/wp-includes/plugin.php(470): WP_Hook->do_action()
#4 /opt/bitnami/wordpress/wp-admin/admin-ajax.php(187): do_action()
#5 {main}
  thrown in /bitnami/wordpress/wp-content/plugins/w3-total-cache/PgCache_Environment.php on line 17

2021-12-28T23:00:40+00:00 CRITICAL Uncaught W3TC\Util_Environment_Exceptions in /bitnami/wordpress/wp-content/plugins/w3-total-cache/PgCache_Environment.php:17
Stack trace:
#0 /bitnami/wordpress/wp-content/plugins/w3-total-cache/SetupGuide_Plugin_Admin.php(260): W3TC\PgCache_Environment->fix_on_wpadmin_request()
#1 /opt/bitnami/wordpress/wp-includes/class-wp-hook.php(303): W3TC\SetupGuide_Plugin_Admin->config_pgcache()
#2 /opt/bitnami/wordpress/wp-includes/class-wp-hook.php(327): WP_Hook->apply_filters()
#3 /opt/bitnami/wordpress/wp-includes/plugin.php(470): WP_Hook->do_action()
#4 /opt/bitnami/wordpress/wp-admin/admin-ajax.php(187): do_action()
#5 {main}
  thrown in /bitnami/wordpress/wp-content/plugins/w3-total-cache/PgCache_Environment.php on line 17

